<?xml version="1.0" encoding="UTF-8"?>
<testsuite xmlns:xsi="http://www.w3.org/2001/XMLSchema-instance" xsi:schemaLocation="https://maven.apache.org/surefire/maven-surefire-plugin/xsd/surefire-test-report.xsd" name="TestSuite" time="21.333" tests="3" errors="0" skipped="0" failures="0">
  <properties>
[...]
</properties>
  <testcase name="addProductToCart" classname="com.browserstack.BStackDemoTest" time="3.599"/>
  <testcase name="addProductToCart" classname="com.browserstack.BStackDemoTest" time="4.596"/>
  <testcase name="addProductToCart" classname="com.browserstack.BStackDemoTest" time="4.549"/>
</testsuite>