<?xml version="1.0" encoding="UTF-8"?>
<testng-results ignored="0" total="3" passed="3" failed="0" skipped="0">
  <reporter-output>
  </reporter-output>
  <suite started-at="2023-05-02T00:10:26 EDT" name="Cross-Platform" finished-at="2023-05-02T00:10:47 EDT" duration-ms="20973">
    <groups>
    </groups>
    <test started-at="2023-05-02T00:10:26 EDT" name="BStackDemo-2" finished-at="2023-05-02T00:10:38 EDT" duration-ms="12075">
      <class name="com.browserstack.BStackDemoTest">
        <test-method is-config="true" signature="setUp()[pri:0, instance:com.browserstack.BStackDemoTest@6bd51ed8]" started-at="2023-05-02T00:10:26 EDT" name="setUp" finished-at="2023-05-02T00:10:33 EDT" duration-ms="7433" status="PASS">
          <reporter-output>
          </reporter-output>
        </test-method> <!-- setUp -->
        <test-method signature="addProductToCart()[pri:0, instance:com.browserstack.BStackDemoTest@6bd51ed8]" started-at="2023-05-02T00:10:33 EDT" name="addProductToCart" finished-at="2023-05-02T00:10:37 EDT" duration-ms="3600" status="PASS">
          <reporter-output>
          </reporter-output>
        </test-method> <!-- addProductToCart -->
        <test-method is-config="true" signature="tearDown()[pri:0, instance:com.browserstack.BStackDemoTest@6bd51ed8]" started-at="2023-05-02T00:10:37 EDT" name="tearDown" finished-at="2023-05-02T00:10:38 EDT" duration-ms="880" status="PASS">
          <reporter-output>
          </reporter-output>
        </test-method> <!-- tearDown -->
      </class> <!-- com.browserstack.BStackDemoTest -->
    </test> <!-- BStackDemo-2 -->
    <test started-at="2023-05-02T00:10:26 EDT" name="BStackDemo-0" finished-at="2023-05-02T00:10:39 EDT" duration-ms="13419">
      <class name="com.browserstack.BStackDemoTest">
        <test-method is-config="true" signature="setUp()[pri:0, instance:com.browserstack.BStackDemoTest@e72dba7]" started-at="2023-05-02T00:10:26 EDT" name="setUp" finished-at="2023-05-02T00:10:32 EDT" duration-ms="6635" status="PASS">
          <reporter-output>
          </reporter-output>
        </test-method> <!-- setUp -->
        <test-method signature="addProductToCart()[pri:0, instance:com.browserstack.BStackDemoTest@e72dba7]" started-at="2023-05-02T00:10:32 EDT" name="addProductToCart" finished-at="2023-05-02T00:10:38 EDT" duration-ms="5396" status="PASS">
          <reporter-output>
          </reporter-output>
        </test-method> <!-- addProductToCart -->
        <test-method is-config="true" signature="tearDown()[pri:0, instance:com.browserstack.BStackDemoTest@e72dba7]" started-at="2023-05-02T00:10:38 EDT" name="tearDown" finished-at="2023-05-02T00:10:39 EDT" duration-ms="961" status="PASS">
          <reporter-output>
          </reporter-output>
        </test-method> <!-- tearDown -->
      </class> <!-- com.browserstack.BStackDemoTest -->
    </test> <!-- BStackDemo-0 -->
    <test started-at="2023-05-02T00:10:26 EDT" name="BStackDemo-1" finished-at="2023-05-02T00:10:47 EDT" duration-ms="20973">
      <class name="com.browserstack.BStackDemoTest">
        <test-method is-config="true" signature="setUp()[pri:0, instance:com.browserstack.BStackDemoTest@63a5e46c]" started-at="2023-05-02T00:10:26 EDT" name="setUp" finished-at="2023-05-02T00:10:41 EDT" duration-ms="14866" status="PASS">
          <reporter-output>
          </reporter-output>
        </test-method> <!-- setUp -->
        <test-method signature="addProductToCart()[pri:0, instance:com.browserstack.BStackDemoTest@63a5e46c]" started-at="2023-05-02T00:10:41 EDT" name="addProductToCart" finished-at="2023-05-02T00:10:45 EDT" duration-ms="4551" status="PASS">
          <reporter-output>
          </reporter-output>
        </test-method> <!-- addProductToCart -->
        <test-method is-config="true" signature="tearDown()[pri:0, instance:com.browserstack.BStackDemoTest@63a5e46c]" started-at="2023-05-02T00:10:46 EDT" name="tearDown" finished-at="2023-05-02T00:10:47 EDT" duration-ms="1151" status="PASS">
          <reporter-output>
          </reporter-output>
        </test-method> <!-- tearDown -->
      </class> <!-- com.browserstack.BStackDemoTest -->
    </test> <!-- BStackDemo-1 -->
  </suite> <!-- Cross-Platform -->
</testng-results>
